<?xml version="1.0" encoding="UTF-8"?>
<!-- Generated by org.testng.reporters.JUnitXMLReporter -->
<testsuite ignored="0" hostname="DESKTOP-NQO6M38" failures="0" tests="14" name="Surefire test" time="28.649" errors="0" timestamp="2025-02-22T15:07:37 IST">
  <testcase classname="api.test.DDTests" name="testPostUser" time="3.756"/>
  <testcase classname="api.test.DDTests" name="testPostUser" time="1.657"/>
  <testcase classname="api.test.DDTests" name="testPostUser" time="1.531"/>
  <testcase classname="api.test.DDTests" name="testPostUser" time="1.636"/>
  <testcase classname="api.test.DDTests" name="testPostUser" time="1.534"/>
  <testcase classname="api.test.DDTests" name="testDeleteUser" time="1.598"/>
  <testcase classname="api.test.DDTests" name="testDeleteUser" time="1.532"/>
  <testcase classname="api.test.DDTests" name="testDeleteUser" time="1.536"/>
  <testcase classname="api.test.DDTests" name="testDeleteUser" time="1.533"/>
  <testcase classname="api.test.DDTests" name="testDeleteUser" time="1.535"/>
  <testcase classname="api.test.UserTests" name="testPostUser" time="1.74"/>
  <testcase classname="api.test.UserTests" name="testGetUser" time="1.597"/>
  <testcase classname="api.test.UserTests" name="testUpdateUser" time="3.125"/>
  <testcase classname="api.test.UserTests" name="testDeleteUser" time="1.576"/>
</testsuite> <!-- Surefire test -->
