<?xml version="1.0" encoding="UTF-8"?>
<testng-results ignored="0" total="14" passed="14" failed="0" skipped="0">
  <reporter-output>
  </reporter-output>
  <suite started-at="2025-02-22T15:07:08 IST" name="Surefire suite" finished-at="2025-02-22T15:07:37 IST" duration-ms="28649">
    <groups>
    </groups>
    <test started-at="2025-02-22T15:07:08 IST" name="Surefire test" finished-at="2025-02-22T15:07:37 IST" duration-ms="28649">
      <class name="api.test.UserTests">
        <test-method is-config="true" signature="setup()[pri:0, instance:api.test.UserTests@35047d03]" started-at="2025-02-22T15:07:28 IST" name="setup" finished-at="2025-02-22T15:07:28 IST" duration-ms="241" status="PASS">
          <reporter-output>
          </reporter-output>
        </test-method> <!-- setup -->
        <test-method signature="testPostUser()[pri:1, instance:api.test.UserTests@35047d03]" started-at="2025-02-22T15:07:28 IST" name="testPostUser" finished-at="2025-02-22T15:07:30 IST" duration-ms="1740" status="PASS">
          <reporter-output>
          </reporter-output>
        </test-method> <!-- testPostUser -->
        <test-method signature="testGetUser()[pri:2, instance:api.test.UserTests@35047d03]" started-at="2025-02-22T15:07:30 IST" name="testGetUser" finished-at="2025-02-22T15:07:32 IST" duration-ms="1597" status="PASS">
          <reporter-output>
          </reporter-output>
        </test-method> <!-- testGetUser -->
        <test-method signature="testUpdateUser()[pri:3, instance:api.test.UserTests@35047d03]" started-at="2025-02-22T15:07:32 IST" name="testUpdateUser" finished-at="2025-02-22T15:07:35 IST" duration-ms="3125" status="PASS">
          <reporter-output>
          </reporter-output>
        </test-method> <!-- testUpdateUser -->
        <test-method signature="testDeleteUser()[pri:4, instance:api.test.UserTests@35047d03]" started-at="2025-02-22T15:07:35 IST" name="testDeleteUser" finished-at="2025-02-22T15:07:37 IST" duration-ms="1576" status="PASS">
          <reporter-output>
          </reporter-output>
        </test-method> <!-- testDeleteUser -->
      </class> <!-- api.test.UserTests -->
      <class name="api.test.DDTests">
        <test-method signature="testPostUser(java.lang.String,java.lang.String,java.lang.String,java.lang.String,java.lang.String,java.lang.String,java.lang.String)[pri:1, instance:api.test.DDTests@7ee955a8]" started-at="2025-02-22T15:07:10 IST" name="testPostUser" data-provider="Data" finished-at="2025-02-22T15:07:14 IST" duration-ms="3756" status="PASS">
          <params>
            <param index="0">
              <value>
                <![CDATA[3001]]>
              </value>
            </param>
            <param index="1">
              <value>
                <![CDATA[Suryanarayana]]>
              </value>
            </param>
            <param index="2">
              <value>
                <![CDATA[surya]]>
              </value>
            </param>
            <param index="3">
              <value>
                <![CDATA[narayana]]>
              </value>
            </param>
            <param index="4">
              <value>
                <![CDATA[surya@gmail.com]]>
              </value>
            </param>
            <param index="5">
              <value>
                <![CDATA[1234]]>
              </value>
            </param>
            <param index="6">
              <value>
                <![CDATA[123456]]>
              </value>
            </param>
          </params>
          <reporter-output>
          </reporter-output>
        </test-method> <!-- testPostUser -->
        <test-method signature="testPostUser(java.lang.String,java.lang.String,java.lang.String,java.lang.String,java.lang.String,java.lang.String,java.lang.String)[pri:1, instance:api.test.DDTests@7ee955a8]" started-at="2025-02-22T15:07:14 IST" name="testPostUser" data-provider="Data" finished-at="2025-02-22T15:07:16 IST" duration-ms="1657" status="PASS">
          <params>
            <param index="0">
              <value>
                <![CDATA[3002]]>
              </value>
            </param>
            <param index="1">
              <value>
                <![CDATA[Raju]]>
              </value>
            </param>
            <param index="2">
              <value>
                <![CDATA[raju]]>
              </value>
            </param>
            <param index="3">
              <value>
                <![CDATA[araveti]]>
              </value>
            </param>
            <param index="4">
              <value>
                <![CDATA[araveti@gmail.com]]>
              </value>
            </param>
            <param index="5">
              <value>
                <![CDATA[1234]]>
              </value>
            </param>
            <param index="6">
              <value>
                <![CDATA[123456]]>
              </value>
            </param>
          </params>
          <reporter-output>
          </reporter-output>
        </test-method> <!-- testPostUser -->
        <test-method signature="testPostUser(java.lang.String,java.lang.String,java.lang.String,java.lang.String,java.lang.String,java.lang.String,java.lang.String)[pri:1, instance:api.test.DDTests@7ee955a8]" started-at="2025-02-22T15:07:16 IST" name="testPostUser" data-provider="Data" finished-at="2025-02-22T15:07:17 IST" duration-ms="1531" status="PASS">
          <params>
            <param index="0">
              <value>
                <![CDATA[3003]]>
              </value>
            </param>
            <param index="1">
              <value>
                <![CDATA[Mallikarjuna]]>
              </value>
            </param>
            <param index="2">
              <value>
                <![CDATA[malli]]>
              </value>
            </param>
            <param index="3">
              <value>
                <![CDATA[gunjala]]>
              </value>
            </param>
            <param index="4">
              <value>
                <![CDATA[gunjala@gmail.com]]>
              </value>
            </param>
            <param index="5">
              <value>
                <![CDATA[1234]]>
              </value>
            </param>
            <param index="6">
              <value>
                <![CDATA[123456]]>
              </value>
            </param>
          </params>
          <reporter-output>
          </reporter-output>
        </test-method> <!-- testPostUser -->
        <test-method signature="testPostUser(java.lang.String,java.lang.String,java.lang.String,java.lang.String,java.lang.String,java.lang.String,java.lang.String)[pri:1, instance:api.test.DDTests@7ee955a8]" started-at="2025-02-22T15:07:17 IST" name="testPostUser" data-provider="Data" finished-at="2025-02-22T15:07:19 IST" duration-ms="1636" status="PASS">
          <params>
            <param index="0">
              <value>
                <![CDATA[3004]]>
              </value>
            </param>
            <param index="1">
              <value>
                <![CDATA[Bhaskar]]>
              </value>
            </param>
            <param index="2">
              <value>
                <![CDATA[bhaskar]]>
              </value>
            </param>
            <param index="3">
              <value>
                <![CDATA[gongati]]>
              </value>
            </param>
            <param index="4">
              <value>
                <![CDATA[gongati@gmail.com]]>
              </value>
            </param>
            <param index="5">
              <value>
                <![CDATA[1234]]>
              </value>
            </param>
            <param index="6">
              <value>
                <![CDATA[123456]]>
              </value>
            </param>
          </params>
          <reporter-output>
          </reporter-output>
        </test-method> <!-- testPostUser -->
        <test-method signature="testPostUser(java.lang.String,java.lang.String,java.lang.String,java.lang.String,java.lang.String,java.lang.String,java.lang.String)[pri:1, instance:api.test.DDTests@7ee955a8]" started-at="2025-02-22T15:07:19 IST" name="testPostUser" data-provider="Data" finished-at="2025-02-22T15:07:20 IST" duration-ms="1534" status="PASS">
          <params>
            <param index="0">
              <value>
                <![CDATA[3005]]>
              </value>
            </param>
            <param index="1">
              <value>
                <![CDATA[Jayaram]]>
              </value>
            </param>
            <param index="2">
              <value>
                <![CDATA[jaya]]>
              </value>
            </param>
            <param index="3">
              <value>
                <![CDATA[ram]]>
              </value>
            </param>
            <param index="4">
              <value>
                <![CDATA[ram@gmail.com]]>
              </value>
            </param>
            <param index="5">
              <value>
                <![CDATA[1234]]>
              </value>
            </param>
            <param index="6">
              <value>
                <![CDATA[123456]]>
              </value>
            </param>
          </params>
          <reporter-output>
          </reporter-output>
        </test-method> <!-- testPostUser -->
        <test-method signature="testDeleteUser(java.lang.String)[pri:2, instance:api.test.DDTests@7ee955a8]" started-at="2025-02-22T15:07:21 IST" name="testDeleteUser" data-provider="userNames" finished-at="2025-02-22T15:07:22 IST" duration-ms="1598" status="PASS">
          <params>
            <param index="0">
              <value>
                <![CDATA[Suryanarayana]]>
              </value>
            </param>
          </params>
          <reporter-output>
          </reporter-output>
        </test-method> <!-- testDeleteUser -->
        <test-method signature="testDeleteUser(java.lang.String)[pri:2, instance:api.test.DDTests@7ee955a8]" started-at="2025-02-22T15:07:22 IST" name="testDeleteUser" data-provider="userNames" finished-at="2025-02-22T15:07:24 IST" duration-ms="1532" status="PASS">
          <params>
            <param index="0">
              <value>
                <![CDATA[Raju]]>
              </value>
            </param>
          </params>
          <reporter-output>
          </reporter-output>
        </test-method> <!-- testDeleteUser -->
        <test-method signature="testDeleteUser(java.lang.String)[pri:2, instance:api.test.DDTests@7ee955a8]" started-at="2025-02-22T15:07:24 IST" name="testDeleteUser" data-provider="userNames" finished-at="2025-02-22T15:07:25 IST" duration-ms="1536" status="PASS">
          <params>
            <param index="0">
              <value>
                <![CDATA[Mallikarjuna]]>
              </value>
            </param>
          </params>
          <reporter-output>
          </reporter-output>
        </test-method> <!-- testDeleteUser -->
        <test-method signature="testDeleteUser(java.lang.String)[pri:2, instance:api.test.DDTests@7ee955a8]" started-at="2025-02-22T15:07:25 IST" name="testDeleteUser" data-provider="userNames" finished-at="2025-02-22T15:07:27 IST" duration-ms="1533" status="PASS">
          <params>
            <param index="0">
              <value>
                <![CDATA[Bhaskar]]>
              </value>
            </param>
          </params>
          <reporter-output>
          </reporter-output>
        </test-method> <!-- testDeleteUser -->
        <test-method signature="testDeleteUser(java.lang.String)[pri:2, instance:api.test.DDTests@7ee955a8]" started-at="2025-02-22T15:07:27 IST" name="testDeleteUser" data-provider="userNames" finished-at="2025-02-22T15:07:28 IST" duration-ms="1535" status="PASS">
          <params>
            <param index="0">
              <value>
                <![CDATA[Jayaram]]>
              </value>
            </param>
          </params>
          <reporter-output>
          </reporter-output>
        </test-method> <!-- testDeleteUser -->
      </class> <!-- api.test.DDTests -->
    </test> <!-- Surefire test -->
  </suite> <!-- Surefire suite -->
</testng-results>
