<?xml version="1.0" encoding="UTF-8"?>
<testng-results ignored="0" total="4" passed="4" failed="0" skipped="0">
  <reporter-output>
  </reporter-output>
  <suite started-at="2025-02-22T14:35:08 IST" name="Default suite" finished-at="2025-02-22T14:35:18 IST" duration-ms="10430">
    <groups>
    </groups>
    <test started-at="2025-02-22T14:35:08 IST" name="Default test" finished-at="2025-02-22T14:35:18 IST" duration-ms="10430">
      <class name="api.test.UserTests">
        <test-method is-config="true" signature="setup()[pri:0, instance:api.test.UserTests@10683d9d]" started-at="2025-02-22T14:35:08 IST" name="setup" finished-at="2025-02-22T14:35:09 IST" duration-ms="891" status="PASS">
          <reporter-output>
          </reporter-output>
        </test-method> <!-- setup -->
        <test-method signature="testPostUser()[pri:1, instance:api.test.UserTests@10683d9d]" started-at="2025-02-22T14:35:09 IST" name="testPostUser" finished-at="2025-02-22T14:35:12 IST" duration-ms="3831" status="PASS">
          <reporter-output>
          </reporter-output>
        </test-method> <!-- testPostUser -->
        <test-method signature="testGetUser()[pri:2, instance:api.test.UserTests@10683d9d]" started-at="2025-02-22T14:35:12 IST" name="testGetUser" finished-at="2025-02-22T14:35:14 IST" duration-ms="1386" status="PASS">
          <reporter-output>
          </reporter-output>
        </test-method> <!-- testGetUser -->
        <test-method signature="testUpdateUser()[pri:3, instance:api.test.UserTests@10683d9d]" started-at="2025-02-22T14:35:14 IST" name="testUpdateUser" finished-at="2025-02-22T14:35:17 IST" duration-ms="2771" status="PASS">
          <reporter-output>
          </reporter-output>
        </test-method> <!-- testUpdateUser -->
        <test-method signature="testDeleteUser()[pri:4, instance:api.test.UserTests@10683d9d]" started-at="2025-02-22T14:35:17 IST" name="testDeleteUser" finished-at="2025-02-22T14:35:18 IST" duration-ms="1454" status="PASS">
          <reporter-output>
          </reporter-output>
        </test-method> <!-- testDeleteUser -->
      </class> <!-- api.test.UserTests -->
    </test> <!-- Default test -->
  </suite> <!-- Default suite -->
</testng-results>
