<?xml version="1.0" encoding="UTF-8"?>
<!-- Generated by org.testng.reporters.JUnitXMLReporter -->
<testsuite ignored="0" hostname="DESKTOP-NQO6M38" failures="0" tests="4" name="Test" time="11.289" errors="0" timestamp="2025-02-21T22:52:40 IST">
  <testcase classname="api.test.UserTests" name="testPostUser" time="4.073"/>
  <testcase classname="api.test.UserTests" name="testGetUser" time="1.693"/>
  <testcase classname="api.test.UserTests" name="testUpdateUser" time="3.261"/>
  <testcase classname="api.test.UserTests" name="testDeleteUser" time="1.627"/>
</testsuite> <!-- Test -->
